<?xml version="1.0" encoding="UTF-8"?>
<!-- Generated by org.testng.reporters.JUnitXMLReporter -->
<testsuite ignored="0" hostname="DESKTOP-JUROTAA" failures="0" tests="1" name="OrangeHRMTest" time="0.319" errors="0" timestamp="2025-03-18T07:41:19 IST">
  <testcase classname="com.orangehrm.base.BaseClass" name="@BeforeSuite loadConfig" time="0.028">
    <failure type="java.io.FileNotFoundException" message="C:\Users\HP\git\SeleniumProjectFramework\OrangeHRMProjectsrc\main\resources\config.properties (The system cannot find the path specified)">
      <![CDATA[java.io.FileNotFoundException: C:\Users\HP\git\SeleniumProjectFramework\OrangeHRMProjectsrc\main\resources\config.properties (The system cannot find the path specified)
at java.base/java.io.FileInputStream.open0(Native Method)
at java.base/java.io.FileInputStream.open(FileInputStream.java:216)
at java.base/java.io.FileInputStream.<init>(FileInputStream.java:157)
at java.base/java.io.FileInputStream.<init>(FileInputStream.java:111)
at com.orangehrm.base.BaseClass.loadConfig(BaseClass.java:41)
... Removed 19 stack frames]]>
    </failure>
  </testcase> <!-- @BeforeSuite loadConfig -->
  <testcase classname="com.orangehrm.base.BaseClass" name="@BeforeMethod setup" time="0.0">
    <skipped/>
  </testcase> <!-- @BeforeMethod setup -->
  <testcase classname="com.orangeHRM.test.DBVerificationTest" name="@BeforeMethod setupPages" time="0.0">
    <skipped/>
  </testcase> <!-- @BeforeMethod setupPages -->
  <testcase classname="com.orangehrm.base.BaseClass" name="@AfterMethod tearDown" time="0.0">
    <skipped/>
  </testcase> <!-- @AfterMethod tearDown -->
  <testcase classname="com.orangeHRM.test.DBVerificationTest" name="verifyEmployeeNameVerificationFromDB" time="0.0">
    <skipped/>
  </testcase> <!-- verifyEmployeeNameVerificationFromDB -->
</testsuite> <!-- OrangeHRMTest -->
